<?xml version="1.0" encoding="UTF-8"?>
<!-- Generated by org.testng.reporters.JUnitXMLReporter -->
<testsuite hostname="Abhijeets-MacBook-Pro.local" ignored="0" name="Command line test" tests="3" failures="0" timestamp="21 Aug 2020 11:23:44 GMT" time="35.319" errors="0">
  <testcase name="productComparisionTest" time="9.595" classname="com.amazon.test.ProductPageTest"/>
  <testcase name="hotelReivewTest" time="8.883" classname="com.clubmahindra.test.TripAdvisiorTest"/>
  <testcase name="loginTest" time="6.3" classname="com.facebook.test.LoginPageTest"/>
</testsuite> <!-- Command line test -->
