<?xml version="1.0" encoding="UTF-8"?>
<testng-results skipped="0" failed="0" ignored="0" total="3" passed="3">
  <reporter-output>
  </reporter-output>
  <suite name="Command line suite" duration-ms="35319" started-at="2020-08-21T11:23:09Z" finished-at="2020-08-21T11:23:44Z">
    <groups>
    </groups>
    <test name="Command line test" duration-ms="35319" started-at="2020-08-21T11:23:09Z" finished-at="2020-08-21T11:23:44Z">
      <class name="com.facebook.test.LoginPageTest">
        <test-method status="PASS" signature="setUp()[pri:0, instance:com.facebook.test.LoginPageTest@13fee20c]" name="setUp" is-config="true" duration-ms="2282" started-at="2020-08-21T11:23:35Z" finished-at="2020-08-21T11:23:37Z">
          <reporter-output>
          </reporter-output>
        </test-method> <!-- setUp -->
        <test-method status="PASS" signature="loginTest()[pri:0, instance:com.facebook.test.LoginPageTest@13fee20c]" name="loginTest" duration-ms="6300" started-at="2020-08-21T11:23:37Z" finished-at="2020-08-21T11:23:44Z">
          <reporter-output>
          </reporter-output>
        </test-method> <!-- loginTest -->
        <test-method status="PASS" signature="tearDown()[pri:0, instance:com.facebook.test.LoginPageTest@13fee20c]" name="tearDown" is-config="true" duration-ms="261" started-at="2020-08-21T11:23:44Z" finished-at="2020-08-21T11:23:44Z">
          <reporter-output>
          </reporter-output>
        </test-method> <!-- tearDown -->
      </class> <!-- com.facebook.test.LoginPageTest -->
      <class name="com.amazon.test.ProductPageTest">
        <test-method status="PASS" signature="setUp()[pri:0, instance:com.amazon.test.ProductPageTest@3b81a1bc]" name="setUp" is-config="true" duration-ms="4751" started-at="2020-08-21T11:23:09Z" finished-at="2020-08-21T11:23:13Z">
          <reporter-output>
          </reporter-output>
        </test-method> <!-- setUp -->
        <test-method status="PASS" signature="productComparisionTest()[pri:0, instance:com.amazon.test.ProductPageTest@3b81a1bc]" name="productComparisionTest" duration-ms="9595" started-at="2020-08-21T11:23:13Z" finished-at="2020-08-21T11:23:23Z">
          <reporter-output>
          </reporter-output>
        </test-method> <!-- productComparisionTest -->
        <test-method status="PASS" signature="tearDown()[pri:0, instance:com.amazon.test.ProductPageTest@3b81a1bc]" name="tearDown" is-config="true" duration-ms="333" started-at="2020-08-21T11:23:23Z" finished-at="2020-08-21T11:23:23Z">
          <reporter-output>
          </reporter-output>
        </test-method> <!-- tearDown -->
      </class> <!-- com.amazon.test.ProductPageTest -->
      <class name="com.clubmahindra.test.TripAdvisiorTest">
        <test-method status="PASS" signature="setUp()[pri:0, instance:com.clubmahindra.test.TripAdvisiorTest@64616ca2]" name="setUp" is-config="true" duration-ms="2557" started-at="2020-08-21T11:23:23Z" finished-at="2020-08-21T11:23:26Z">
          <reporter-output>
          </reporter-output>
        </test-method> <!-- setUp -->
        <test-method status="PASS" signature="hotelReivewTest()[pri:0, instance:com.clubmahindra.test.TripAdvisiorTest@64616ca2]" name="hotelReivewTest" duration-ms="8883" started-at="2020-08-21T11:23:26Z" finished-at="2020-08-21T11:23:35Z">
          <reporter-output>
          </reporter-output>
        </test-method> <!-- hotelReivewTest -->
        <test-method status="PASS" signature="tearDown()[pri:0, instance:com.clubmahindra.test.TripAdvisiorTest@64616ca2]" name="tearDown" is-config="true" duration-ms="329" started-at="2020-08-21T11:23:35Z" finished-at="2020-08-21T11:23:35Z">
          <reporter-output>
          </reporter-output>
        </test-method> <!-- tearDown -->
      </class> <!-- com.clubmahindra.test.TripAdvisiorTest -->
    </test> <!-- Command line test -->
  </suite> <!-- Command line suite -->
</testng-results>
