<?xml version="1.0" encoding="UTF-8"?>
<testng-results skipped="0" failed="0" ignored="0" total="1" passed="1">
  <reporter-output>
  </reporter-output>
  <suite name="com.amazon.test.ProductPageTest" duration-ms="26" started-at="2020-08-20T13:25:43Z" finished-at="2020-08-20T13:25:43Z">
    <groups>
    </groups>
    <test name="Command line test" duration-ms="26" started-at="2020-08-20T13:25:43Z" finished-at="2020-08-20T13:25:43Z">
      <class name="com.amazon.test.ProductPageTest">
        <test-method status="PASS" signature="test1()[pri:0, instance:com.amazon.test.ProductPageTest@6442b0a6]" name="test1" duration-ms="7" started-at="2020-08-20T13:25:43Z" finished-at="2020-08-20T13:25:43Z">
          <reporter-output>
          </reporter-output>
        </test-method> <!-- test1 -->
      </class> <!-- com.amazon.test.ProductPageTest -->
    </test> <!-- Command line test -->
  </suite> <!-- com.amazon.test.ProductPageTest -->
</testng-results>
