<?xml version="1.0" encoding="UTF-8"?>
<!-- Generated by org.testng.reporters.JUnitXMLReporter -->
<testsuite hostname="Abhijeets-MacBook-Pro.local" ignored="0" name="Test" tests="3" failures="0" timestamp="21 Aug 2020 16:59:42 GMT" time="33.055" errors="0">
  <testcase name="productComparisionTest" time="8.444" classname="com.amazon.test.ProductPageTest"/>
  <testcase name="hotelReivewTest" time="9.091" classname="com.clubmahindra.test.TripAdvisiorTest"/>
  <testcase name="loginTest" time="5.947" classname="com.facebook.test.LoginPageTest"/>
</testsuite> <!-- Test -->
