<?xml version="1.0" encoding="UTF-8"?>
<!-- Generated by org.testng.reporters.JUnitXMLReporter -->
<testsuite hostname="Abhijeets-MacBook-Pro.local" ignored="0" name="Test" tests="3" failures="0" timestamp="21 Aug 2020 10:52:03 GMT" time="36.093" errors="0">
  <testcase name="productComparisionTest" time="10.053" classname="com.amazon.test.ProductPageTest"/>
  <testcase name="hotelReivewTest" time="7.943" classname="com.clubmahindra.test.TripAdvisiorTest"/>
  <testcase name="loginTest" time="7.225" classname="com.facebook.test.LoginPageTest"/>
</testsuite> <!-- Test -->
